#
# There is insufficient memory for the Java Runtime Environment to continue.
# Native memory allocation (malloc) failed to allocate 184976 bytes for Chunk::new
# Possible reasons:
#   The system is out of physical RAM or swap space
#   The process is running with CompressedOops enabled, and the Java Heap may be blocking the growth of the native heap
# Possible solutions:
#   Reduce memory load on the system
#   Increase physical memory or swap space
#   Check if swap backing store is full
#   Decrease Java heap size (-Xmx/-Xms)
#   Decrease number of Java threads
#   Decrease Java thread stack sizes (-Xss)
#   Set larger code cache with -XX:ReservedCodeCacheSize=
#   JVM is running with Unscaled Compressed Oops mode in which the Java heap is
#     placed in the first 4GB address space. The Java Heap base address is the
#     maximum limit for the native heap growth. Please use -XX:HeapBaseMinAddress
#     to set the Java Heap base and to place the Java Heap above 4GB virtual address.
# This output file may be truncated or incomplete.
#
#  Out of Memory Error (./open/src/hotspot/share/memory/arena.cpp:195), pid=16784, tid=14600
#
# JRE version: Java(TM) SE Runtime Environment (15.0.1+9) (build 15.0.1+9-18)
# Java VM: Java HotSpot(TM) 64-Bit Server VM (15.0.1+9-18, mixed mode, sharing, tiered, compressed oops, g1 gc, windows-amd64)
# No core dump will be written. Minidumps are not enabled by default on client versions of Windows
#

---------------  S U M M A R Y ------------

Command Line: -Dfile.encoding=Cp1252 -XX:+ShowCodeDetailsInExceptionMessages application.Cart

Host: Intel(R) Core(TM) i5-7400T CPU @ 2.40GHz, 4 cores, 7G,  Windows 10 , 64 bit Build 19041 (10.0.19041.804)
Time: Fri Apr  9 01:26:28 2021 India Standard Time elapsed time: 0.314213 seconds (0d 0h 0m 0s)

---------------  T H R E A D  ---------------

Current thread (0x000002a0ba2b3e70):  JavaThread "C2 CompilerThread0" daemon [_thread_in_native, id=14600, stack(0x000000b007000000,0x000000b007100000)]


Current CompileTask:
C2:    314  479 % !   4       sun.awt.image.PNGImageDecoder::produceImage @ 960 (1917 bytes)

Stack: [0x000000b007000000,0x000000b007100000]
Native frames: (J=compiled Java code, j=interpreted, Vv=VM code, C=native code)
V  [jvm.dll+0x62ae9a]
V  [jvm.dll+0x781389]
V  [jvm.dll+0x782ae3]
V  [jvm.dll+0x783143]
V  [jvm.dll+0x216265]
V  [jvm.dll+0x97efa]
V  [jvm.dll+0x985dc]
V  [jvm.dll+0x32e4c8]
V  [jvm.dll+0x2f78aa]
V  [jvm.dll+0x2f6c6a]
V  [jvm.dll+0x1ea645]
V  [jvm.dll+0x1e98ae]
V  [jvm.dll+0x1784c7]
V  [jvm.dll+0x1f9165]
V  [jvm.dll+0x1f720c]
V  [jvm.dll+0x74485d]
V  [jvm.dll+0x73d65a]
V  [jvm.dll+0x629c56]
C  [ucrtbase.dll+0x21bb2]
C  [KERNEL32.DLL+0x17034]
C  [ntdll.dll+0x52651]


---------------  P R O C E S S  ---------------

Threads class SMR info:
_java_thread_list=0x000002a0baf09d80, length=16, elements={
0x000002a09c0f07a0, 0x000002a0ba28ddd0, 0x000002a0ba28e8b0, 0x000002a0ba2a5bb0,
0x000002a0ba2aa490, 0x000002a0ba2acd60, 0x000002a0ba2b3e70, 0x000002a0ba2b4820,
0x000002a0ba2bd130, 0x000002a0bacdc580, 0x000002a0bace5d90, 0x000002a0baf0a5c0,
0x000002a0baf33010, 0x000002a0baf334e0, 0x000002a0baf57250, 0x000002a0baf71f40
}

Java Threads: ( => current thread )
  0x000002a09c0f07a0 JavaThread "main" [_thread_in_native, id=7440, stack(0x000000b006400000,0x000000b006500000)]
  0x000002a0ba28ddd0 JavaThread "Reference Handler" daemon [_thread_blocked, id=8652, stack(0x000000b006b00000,0x000000b006c00000)]
  0x000002a0ba28e8b0 JavaThread "Finalizer" daemon [_thread_blocked, id=18436, stack(0x000000b006c00000,0x000000b006d00000)]
  0x000002a0ba2a5bb0 JavaThread "Signal Dispatcher" daemon [_thread_blocked, id=13576, stack(0x000000b006d00000,0x000000b006e00000)]
  0x000002a0ba2aa490 JavaThread "Attach Listener" daemon [_thread_blocked, id=7968, stack(0x000000b006e00000,0x000000b006f00000)]
  0x000002a0ba2acd60 JavaThread "Service Thread" daemon [_thread_blocked, id=21244, stack(0x000000b006f00000,0x000000b007000000)]
=>0x000002a0ba2b3e70 JavaThread "C2 CompilerThread0" daemon [_thread_in_native, id=14600, stack(0x000000b007000000,0x000000b007100000)]
  0x000002a0ba2b4820 JavaThread "C1 CompilerThread0" daemon [_thread_blocked, id=8464, stack(0x000000b007100000,0x000000b007200000)]
  0x000002a0ba2bd130 JavaThread "Sweeper thread" daemon [_thread_blocked, id=25784, stack(0x000000b007200000,0x000000b007300000)]
  0x000002a0bacdc580 JavaThread "Notification Thread" daemon [_thread_blocked, id=2684, stack(0x000000b007300000,0x000000b007400000)]
  0x000002a0bace5d90 JavaThread "Common-Cleaner" daemon [_thread_blocked, id=25752, stack(0x000000b007500000,0x000000b007600000)]
  0x000002a0baf0a5c0 JavaThread "Java2D Disposer" daemon [_thread_blocked, id=11736, stack(0x000000b007600000,0x000000b007700000)]
  0x000002a0baf33010 JavaThread "AWT-Shutdown" [_thread_blocked, id=17348, stack(0x000000b007700000,0x000000b007800000)]
  0x000002a0baf334e0 JavaThread "AWT-Windows" daemon [_thread_in_native, id=6048, stack(0x000000b007800000,0x000000b007900000)]
  0x000002a0baf57250 JavaThread "Image Fetcher 0" daemon [_thread_blocked, id=18252, stack(0x000000b007900000,0x000000b007a00000)]
  0x000002a0baf71f40 JavaThread "C2 CompilerThread1" daemon [_thread_blocked, id=24112, stack(0x000000b007a00000,0x000000b007b00000)]

Other Threads:
  0x000002a0ba288220 VMThread "VM Thread" [stack: 0x000000b006a00000,0x000000b006b00000] [id=4832]
  0x000002a0bace0a60 WatcherThread [stack: 0x000000b007400000,0x000000b007500000] [id=17456]
  0x000002a09c1306b0 GCTaskThread "GC Thread#0" [stack: 0x000000b006500000,0x000000b006600000] [id=11840]
  0x000002a09c1419f0 ConcurrentGCThread "G1 Main Marker" [stack: 0x000000b006600000,0x000000b006700000] [id=13172]
  0x000002a09c1424f0 ConcurrentGCThread "G1 Conc#0" [stack: 0x000000b006700000,0x000000b006800000] [id=1560]
  0x000002a09c1b9600 ConcurrentGCThread "G1 Refine#0" [stack: 0x000000b006800000,0x000000b006900000] [id=4800]
  0x000002a09c1ba110 ConcurrentGCThread "G1 Young RemSet Sampling" [stack: 0x000000b006900000,0x000000b006a00000] [id=15052]

Threads with active compile tasks:
C2 CompilerThread0      356  479 % !   4       sun.awt.image.PNGImageDecoder::produceImage @ 960 (1917 bytes)

VM state: not at safepoint (normal execution)

VM Mutex/Monitor currently owned by a thread: None

Heap address: 0x0000000082600000, size: 2010 MB, Compressed Oops mode: 32-bit
CDS archive(s) mapped at: [0x0000000800000000-0x0000000800b50000-0x0000000800b50000), size 11862016, SharedBaseAddress: 0x0000000800000000, ArchiveRelocationMode: 0.
Compressed class space mapped at: 0x0000000800b50000-0x0000000840b50000, size: 1073741824
Narrow klass base: 0x0000000800000000, Narrow klass shift: 3, Narrow klass range: 0x100000000

GC Precious Log:
 CPUs: 4 total, 4 available
 Memory: 8033M
 Large Page Support: Disabled
 NUMA Support: Disabled
 Compressed Oops: Enabled (32-bit)
 Heap Region Size: 1M
 Heap Min Capacity: 8M
 Heap Initial Capacity: 126M
 Heap Max Capacity: 2010M
 Pre-touch: Disabled
 Parallel Workers: 4
 Concurrent Workers: 1
 Concurrent Refinement Workers: 4
 Periodic GC: Disabled

Heap:
 garbage-first heap   total 129024K, used 12288K [0x0000000082600000, 0x0000000100000000)
  region size 1024K, 8 young (8192K), 0 survivors (0K)
 Metaspace       used 3734K, capacity 4611K, committed 4864K, reserved 1056768K
  class space    used 348K, capacity 421K, committed 512K, reserved 1048576K

Heap Regions: E=young(eden), S=young(survivor), O=old, HS=humongous(starts), HC=humongous(continues), CS=collection set, F=free, OA=open archive, CA=closed archive, TAMS=top-at-mark-start (previous, next)
|   0|0x0000000082600000, 0x0000000082700000, 0x0000000082700000|100%|HS|  |TAMS 0x0000000082600000, 0x0000000082600000| Complete 
|   1|0x0000000082700000, 0x0000000082800000, 0x0000000082800000|100%|HC|  |TAMS 0x0000000082700000, 0x0000000082700000| Complete 
|   2|0x0000000082800000, 0x0000000082900000, 0x0000000082900000|100%|HS|  |TAMS 0x0000000082800000, 0x0000000082800000| Complete 
|   3|0x0000000082900000, 0x0000000082a00000, 0x0000000082a00000|100%|HC|  |TAMS 0x0000000082900000, 0x0000000082900000| Complete 
|   4|0x0000000082a00000, 0x0000000082b00000, 0x0000000082b00000|100%|HS|  |TAMS 0x0000000082a00000, 0x0000000082a00000| Complete 
|   5|0x0000000082b00000, 0x0000000082b00000, 0x0000000082c00000|  0%| F|  |TAMS 0x0000000082b00000, 0x0000000082b00000| Untracked 
|   6|0x0000000082c00000, 0x0000000082c00000, 0x0000000082d00000|  0%| F|  |TAMS 0x0000000082c00000, 0x0000000082c00000| Untracked 
|   7|0x0000000082d00000, 0x0000000082d00000, 0x0000000082e00000|  0%| F|  |TAMS 0x0000000082d00000, 0x0000000082d00000| Untracked 
|   8|0x0000000082e00000, 0x0000000082e00000, 0x0000000082f00000|  0%| F|  |TAMS 0x0000000082e00000, 0x0000000082e00000| Untracked 
|   9|0x0000000082f00000, 0x0000000082f00000, 0x0000000083000000|  0%| F|  |TAMS 0x0000000082f00000, 0x0000000082f00000| Untracked 
|  10|0x0000000083000000, 0x0000000083000000, 0x0000000083100000|  0%| F|  |TAMS 0x0000000083000000, 0x0000000083000000| Untracked 
|  11|0x0000000083100000, 0x0000000083100000, 0x0000000083200000|  0%| F|  |TAMS 0x0000000083100000, 0x0000000083100000| Untracked 
|  12|0x0000000083200000, 0x0000000083200000, 0x0000000083300000|  0%| F|  |TAMS 0x0000000083200000, 0x0000000083200000| Untracked 
|  13|0x0000000083300000, 0x0000000083300000, 0x0000000083400000|  0%| F|  |TAMS 0x0000000083300000, 0x0000000083300000| Untracked 
|  14|0x0000000083400000, 0x0000000083400000, 0x0000000083500000|  0%| F|  |TAMS 0x0000000083400000, 0x0000000083400000| Untracked 
|  15|0x0000000083500000, 0x0000000083500000, 0x0000000083600000|  0%| F|  |TAMS 0x0000000083500000, 0x0000000083500000| Untracked 
|  16|0x0000000083600000, 0x0000000083600000, 0x0000000083700000|  0%| F|  |TAMS 0x0000000083600000, 0x0000000083600000| Untracked 
|  17|0x0000000083700000, 0x0000000083700000, 0x0000000083800000|  0%| F|  |TAMS 0x0000000083700000, 0x0000000083700000| Untracked 
|  18|0x0000000083800000, 0x0000000083800000, 0x0000000083900000|  0%| F|  |TAMS 0x0000000083800000, 0x0000000083800000| Untracked 
|  19|0x0000000083900000, 0x0000000083900000, 0x0000000083a00000|  0%| F|  |TAMS 0x0000000083900000, 0x0000000083900000| Untracked 
|  20|0x0000000083a00000, 0x0000000083a00000, 0x0000000083b00000|  0%| F|  |TAMS 0x0000000083a00000, 0x0000000083a00000| Untracked 
|  21|0x0000000083b00000, 0x0000000083b00000, 0x0000000083c00000|  0%| F|  |TAMS 0x0000000083b00000, 0x0000000083b00000| Untracked 
|  22|0x0000000083c00000, 0x0000000083c00000, 0x0000000083d00000|  0%| F|  |TAMS 0x0000000083c00000, 0x0000000083c00000| Untracked 
|  23|0x0000000083d00000, 0x0000000083d00000, 0x0000000083e00000|  0%| F|  |TAMS 0x0000000083d00000, 0x0000000083d00000| Untracked 
|  24|0x0000000083e00000, 0x0000000083e00000, 0x0000000083f00000|  0%| F|  |TAMS 0x0000000083e00000, 0x0000000083e00000| Untracked 
|  25|0x0000000083f00000, 0x0000000083f00000, 0x0000000084000000|  0%| F|  |TAMS 0x0000000083f00000, 0x0000000083f00000| Untracked 
|  26|0x0000000084000000, 0x0000000084000000, 0x0000000084100000|  0%| F|  |TAMS 0x0000000084000000, 0x0000000084000000| Untracked 
|  27|0x0000000084100000, 0x0000000084100000, 0x0000000084200000|  0%| F|  |TAMS 0x0000000084100000, 0x0000000084100000| Untracked 
|  28|0x0000000084200000, 0x0000000084200000, 0x0000000084300000|  0%| F|  |TAMS 0x0000000084200000, 0x0000000084200000| Untracked 
|  29|0x0000000084300000, 0x0000000084300000, 0x0000000084400000|  0%| F|  |TAMS 0x0000000084300000, 0x0000000084300000| Untracked 
|  30|0x0000000084400000, 0x0000000084400000, 0x0000000084500000|  0%| F|  |TAMS 0x0000000084400000, 0x0000000084400000| Untracked 
|  31|0x0000000084500000, 0x0000000084500000, 0x0000000084600000|  0%| F|  |TAMS 0x0000000084500000, 0x0000000084500000| Untracked 
|  32|0x0000000084600000, 0x0000000084600000, 0x0000000084700000|  0%| F|  |TAMS 0x0000000084600000, 0x0000000084600000| Untracked 
|  33|0x0000000084700000, 0x0000000084700000, 0x0000000084800000|  0%| F|  |TAMS 0x0000000084700000, 0x0000000084700000| Untracked 
|  34|0x0000000084800000, 0x0000000084800000, 0x0000000084900000|  0%| F|  |TAMS 0x0000000084800000, 0x0000000084800000| Untracked 
|  35|0x0000000084900000, 0x0000000084900000, 0x0000000084a00000|  0%| F|  |TAMS 0x0000000084900000, 0x0000000084900000| Untracked 
|  36|0x0000000084a00000, 0x0000000084a00000, 0x0000000084b00000|  0%| F|  |TAMS 0x0000000084a00000, 0x0000000084a00000| Untracked 
|  37|0x0000000084b00000, 0x0000000084b00000, 0x0000000084c00000|  0%| F|  |TAMS 0x0000000084b00000, 0x0000000084b00000| Untracked 
|  38|0x0000000084c00000, 0x0000000084c00000, 0x0000000084d00000|  0%| F|  |TAMS 0x0000000084c00000, 0x0000000084c00000| Untracked 
|  39|0x0000000084d00000, 0x0000000084d00000, 0x0000000084e00000|  0%| F|  |TAMS 0x0000000084d00000, 0x0000000084d00000| Untracked 
|  40|0x0000000084e00000, 0x0000000084e00000, 0x0000000084f00000|  0%| F|  |TAMS 0x0000000084e00000, 0x0000000084e00000| Untracked 
|  41|0x0000000084f00000, 0x0000000084f00000, 0x0000000085000000|  0%| F|  |TAMS 0x0000000084f00000, 0x0000000084f00000| Untracked 
|  42|0x0000000085000000, 0x0000000085000000, 0x0000000085100000|  0%| F|  |TAMS 0x0000000085000000, 0x0000000085000000| Untracked 
|  43|0x0000000085100000, 0x0000000085100000, 0x0000000085200000|  0%| F|  |TAMS 0x0000000085100000, 0x0000000085100000| Untracked 
|  44|0x0000000085200000, 0x0000000085200000, 0x0000000085300000|  0%| F|  |TAMS 0x0000000085200000, 0x0000000085200000| Untracked 
|  45|0x0000000085300000, 0x0000000085300000, 0x0000000085400000|  0%| F|  |TAMS 0x0000000085300000, 0x0000000085300000| Untracked 
|  46|0x0000000085400000, 0x0000000085400000, 0x0000000085500000|  0%| F|  |TAMS 0x0000000085400000, 0x0000000085400000| Untracked 
|  47|0x0000000085500000, 0x0000000085500000, 0x0000000085600000|  0%| F|  |TAMS 0x0000000085500000, 0x0000000085500000| Untracked 
|  48|0x0000000085600000, 0x0000000085600000, 0x0000000085700000|  0%| F|  |TAMS 0x0000000085600000, 0x0000000085600000| Untracked 
|  49|0x0000000085700000, 0x0000000085700000, 0x0000000085800000|  0%| F|  |TAMS 0x0000000085700000, 0x0000000085700000| Untracked 
|  50|0x0000000085800000, 0x0000000085800000, 0x0000000085900000|  0%| F|  |TAMS 0x0000000085800000, 0x0000000085800000| Untracked 
|  51|0x0000000085900000, 0x0000000085900000, 0x0000000085a00000|  0%| F|  |TAMS 0x0000000085900000, 0x0000000085900000| Untracked 
|  52|0x0000000085a00000, 0x0000000085a00000, 0x0000000085b00000|  0%| F|  |TAMS 0x0000000085a00000, 0x0000000085a00000| Untracked 
|  53|0x0000000085b00000, 0x0000000085b00000, 0x0000000085c00000|  0%| F|  |TAMS 0x0000000085b00000, 0x0000000085b00000| Untracked 
|  54|0x0000000085c00000, 0x0000000085c00000, 0x0000000085d00000|  0%| F|  |TAMS 0x0000000085c00000, 0x0000000085c00000| Untracked 
|  55|0x0000000085d00000, 0x0000000085d00000, 0x0000000085e00000|  0%| F|  |TAMS 0x0000000085d00000, 0x0000000085d00000| Untracked 
|  56|0x0000000085e00000, 0x0000000085e00000, 0x0000000085f00000|  0%| F|  |TAMS 0x0000000085e00000, 0x0000000085e00000| Untracked 
|  57|0x0000000085f00000, 0x0000000085f00000, 0x0000000086000000|  0%| F|  |TAMS 0x0000000085f00000, 0x0000000085f00000| Untracked 
|  58|0x0000000086000000, 0x0000000086000000, 0x0000000086100000|  0%| F|  |TAMS 0x0000000086000000, 0x0000000086000000| Untracked 
|  59|0x0000000086100000, 0x0000000086100000, 0x0000000086200000|  0%| F|  |TAMS 0x0000000086100000, 0x0000000086100000| Untracked 
|  60|0x0000000086200000, 0x0000000086200000, 0x0000000086300000|  0%| F|  |TAMS 0x0000000086200000, 0x0000000086200000| Untracked 
|  61|0x0000000086300000, 0x0000000086300000, 0x0000000086400000|  0%| F|  |TAMS 0x0000000086300000, 0x0000000086300000| Untracked 
|  62|0x0000000086400000, 0x0000000086400000, 0x0000000086500000|  0%| F|  |TAMS 0x0000000086400000, 0x0000000086400000| Untracked 
|  63|0x0000000086500000, 0x0000000086500000, 0x0000000086600000|  0%| F|  |TAMS 0x0000000086500000, 0x0000000086500000| Untracked 
|  64|0x0000000086600000, 0x0000000086600000, 0x0000000086700000|  0%| F|  |TAMS 0x0000000086600000, 0x0000000086600000| Untracked 
|  65|0x0000000086700000, 0x0000000086700000, 0x0000000086800000|  0%| F|  |TAMS 0x0000000086700000, 0x0000000086700000| Untracked 
|  66|0x0000000086800000, 0x0000000086800000, 0x0000000086900000|  0%| F|  |TAMS 0x0000000086800000, 0x0000000086800000| Untracked 
|  67|0x0000000086900000, 0x0000000086900000, 0x0000000086a00000|  0%| F|  |TAMS 0x0000000086900000, 0x0000000086900000| Untracked 
|  68|0x0000000086a00000, 0x0000000086a00000, 0x0000000086b00000|  0%| F|  |TAMS 0x0000000086a00000, 0x0000000086a00000| Untracked 
|  69|0x0000000086b00000, 0x0000000086b00000, 0x0000000086c00000|  0%| F|  |TAMS 0x0000000086b00000, 0x0000000086b00000| Untracked 
|  70|0x0000000086c00000, 0x0000000086c00000, 0x0000000086d00000|  0%| F|  |TAMS 0x0000000086c00000, 0x0000000086c00000| Untracked 
|  71|0x0000000086d00000, 0x0000000086d00000, 0x0000000086e00000|  0%| F|  |TAMS 0x0000000086d00000, 0x0000000086d00000| Untracked 
|  72|0x0000000086e00000, 0x0000000086e00000, 0x0000000086f00000|  0%| F|  |TAMS 0x0000000086e00000, 0x0000000086e00000| Untracked 
|  73|0x0000000086f00000, 0x0000000086f00000, 0x0000000087000000|  0%| F|  |TAMS 0x0000000086f00000, 0x0000000086f00000| Untracked 
|  74|0x0000000087000000, 0x0000000087000000, 0x0000000087100000|  0%| F|  |TAMS 0x0000000087000000, 0x0000000087000000| Untracked 
|  75|0x0000000087100000, 0x0000000087100000, 0x0000000087200000|  0%| F|  |TAMS 0x0000000087100000, 0x0000000087100000| Untracked 
|  76|0x0000000087200000, 0x0000000087200000, 0x0000000087300000|  0%| F|  |TAMS 0x0000000087200000, 0x0000000087200000| Untracked 
|  77|0x0000000087300000, 0x0000000087300000, 0x0000000087400000|  0%| F|  |TAMS 0x0000000087300000, 0x0000000087300000| Untracked 
|  78|0x0000000087400000, 0x0000000087400000, 0x0000000087500000|  0%| F|  |TAMS 0x0000000087400000, 0x0000000087400000| Untracked 
|  79|0x0000000087500000, 0x0000000087500000, 0x0000000087600000|  0%| F|  |TAMS 0x0000000087500000, 0x0000000087500000| Untracked 
|  80|0x0000000087600000, 0x0000000087600000, 0x0000000087700000|  0%| F|  |TAMS 0x0000000087600000, 0x0000000087600000| Untracked 
|  81|0x0000000087700000, 0x0000000087700000, 0x0000000087800000|  0%| F|  |TAMS 0x0000000087700000, 0x0000000087700000| Untracked 
|  82|0x0000000087800000, 0x0000000087800000, 0x0000000087900000|  0%| F|  |TAMS 0x0000000087800000, 0x0000000087800000| Untracked 
|  83|0x0000000087900000, 0x0000000087900000, 0x0000000087a00000|  0%| F|  |TAMS 0x0000000087900000, 0x0000000087900000| Untracked 
|  84|0x0000000087a00000, 0x0000000087a00000, 0x0000000087b00000|  0%| F|  |TAMS 0x0000000087a00000, 0x0000000087a00000| Untracked 
|  85|0x0000000087b00000, 0x0000000087b00000, 0x0000000087c00000|  0%| F|  |TAMS 0x0000000087b00000, 0x0000000087b00000| Untracked 
|  86|0x0000000087c00000, 0x0000000087c00000, 0x0000000087d00000|  0%| F|  |TAMS 0x0000000087c00000, 0x0000000087c00000| Untracked 
|  87|0x0000000087d00000, 0x0000000087d00000, 0x0000000087e00000|  0%| F|  |TAMS 0x0000000087d00000, 0x0000000087d00000| Untracked 
|  88|0x0000000087e00000, 0x0000000087e00000, 0x0000000087f00000|  0%| F|  |TAMS 0x0000000087e00000, 0x0000000087e00000| Untracked 
|  89|0x0000000087f00000, 0x0000000087f00000, 0x0000000088000000|  0%| F|  |TAMS 0x0000000087f00000, 0x0000000087f00000| Untracked 
|  90|0x0000000088000000, 0x0000000088000000, 0x0000000088100000|  0%| F|  |TAMS 0x0000000088000000, 0x0000000088000000| Untracked 
|  91|0x0000000088100000, 0x0000000088100000, 0x0000000088200000|  0%| F|  |TAMS 0x0000000088100000, 0x0000000088100000| Untracked 
|  92|0x0000000088200000, 0x0000000088200000, 0x0000000088300000|  0%| F|  |TAMS 0x0000000088200000, 0x0000000088200000| Untracked 
|  93|0x0000000088300000, 0x0000000088300000, 0x0000000088400000|  0%| F|  |TAMS 0x0000000088300000, 0x0000000088300000| Untracked 
|  94|0x0000000088400000, 0x0000000088400000, 0x0000000088500000|  0%| F|  |TAMS 0x0000000088400000, 0x0000000088400000| Untracked 
|  95|0x0000000088500000, 0x0000000088500000, 0x0000000088600000|  0%| F|  |TAMS 0x0000000088500000, 0x0000000088500000| Untracked 
|  96|0x0000000088600000, 0x0000000088600000, 0x0000000088700000|  0%| F|  |TAMS 0x0000000088600000, 0x0000000088600000| Untracked 
|  97|0x0000000088700000, 0x0000000088700000, 0x0000000088800000|  0%| F|  |TAMS 0x0000000088700000, 0x0000000088700000| Untracked 
|  98|0x0000000088800000, 0x0000000088800000, 0x0000000088900000|  0%| F|  |TAMS 0x0000000088800000, 0x0000000088800000| Untracked 
|  99|0x0000000088900000, 0x0000000088900000, 0x0000000088a00000|  0%| F|  |TAMS 0x0000000088900000, 0x0000000088900000| Untracked 
| 100|0x0000000088a00000, 0x0000000088a00000, 0x0000000088b00000|  0%| F|  |TAMS 0x0000000088a00000, 0x0000000088a00000| Untracked 
| 101|0x0000000088b00000, 0x0000000088b00000, 0x0000000088c00000|  0%| F|  |TAMS 0x0000000088b00000, 0x0000000088b00000| Untracked 
| 102|0x0000000088c00000, 0x0000000088c00000, 0x0000000088d00000|  0%| F|  |TAMS 0x0000000088c00000, 0x0000000088c00000| Untracked 
| 103|0x0000000088d00000, 0x0000000088d00000, 0x0000000088e00000|  0%| F|  |TAMS 0x0000000088d00000, 0x0000000088d00000| Untracked 
| 104|0x0000000088e00000, 0x0000000088e00000, 0x0000000088f00000|  0%| F|  |TAMS 0x0000000088e00000, 0x0000000088e00000| Untracked 
| 105|0x0000000088f00000, 0x0000000088f00000, 0x0000000089000000|  0%| F|  |TAMS 0x0000000088f00000, 0x0000000088f00000| Untracked 
| 106|0x0000000089000000, 0x0000000089000000, 0x0000000089100000|  0%| F|  |TAMS 0x0000000089000000, 0x0000000089000000| Untracked 
| 107|0x0000000089100000, 0x0000000089100000, 0x0000000089200000|  0%| F|  |TAMS 0x0000000089100000, 0x0000000089100000| Untracked 
| 108|0x0000000089200000, 0x0000000089200000, 0x0000000089300000|  0%| F|  |TAMS 0x0000000089200000, 0x0000000089200000| Untracked 
| 109|0x0000000089300000, 0x0000000089300000, 0x0000000089400000|  0%| F|  |TAMS 0x0000000089300000, 0x0000000089300000| Untracked 
| 110|0x0000000089400000, 0x0000000089400000, 0x0000000089500000|  0%| F|  |TAMS 0x0000000089400000, 0x0000000089400000| Untracked 
| 111|0x0000000089500000, 0x0000000089500000, 0x0000000089600000|  0%| F|  |TAMS 0x0000000089500000, 0x0000000089500000| Untracked 
| 112|0x0000000089600000, 0x0000000089600000, 0x0000000089700000|  0%| F|  |TAMS 0x0000000089600000, 0x0000000089600000| Untracked 
| 113|0x0000000089700000, 0x0000000089700000, 0x0000000089800000|  0%| F|  |TAMS 0x0000000089700000, 0x0000000089700000| Untracked 
| 114|0x0000000089800000, 0x0000000089800000, 0x0000000089900000|  0%| F|  |TAMS 0x0000000089800000, 0x0000000089800000| Untracked 
| 115|0x0000000089900000, 0x0000000089900000, 0x0000000089a00000|  0%| F|  |TAMS 0x0000000089900000, 0x0000000089900000| Untracked 
| 116|0x0000000089a00000, 0x0000000089a00000, 0x0000000089b00000|  0%| F|  |TAMS 0x0000000089a00000, 0x0000000089a00000| Untracked 
| 117|0x0000000089b00000, 0x0000000089b00000, 0x0000000089c00000|  0%| F|  |TAMS 0x0000000089b00000, 0x0000000089b00000| Untracked 
| 118|0x0000000089c00000, 0x0000000089c85d18, 0x0000000089d00000| 52%| E|  |TAMS 0x0000000089c00000, 0x0000000089c00000| Complete 
| 119|0x0000000089d00000, 0x0000000089e00000, 0x0000000089e00000|100%| E|CS|TAMS 0x0000000089d00000, 0x0000000089d00000| Complete 
| 120|0x0000000089e00000, 0x0000000089f00000, 0x0000000089f00000|100%| E|CS|TAMS 0x0000000089e00000, 0x0000000089e00000| Complete 
| 121|0x0000000089f00000, 0x000000008a000000, 0x000000008a000000|100%| E|CS|TAMS 0x0000000089f00000, 0x0000000089f00000| Complete 
| 122|0x000000008a000000, 0x000000008a100000, 0x000000008a100000|100%| E|CS|TAMS 0x000000008a000000, 0x000000008a000000| Complete 
| 123|0x000000008a100000, 0x000000008a200000, 0x000000008a200000|100%| E|CS|TAMS 0x000000008a100000, 0x000000008a100000| Complete 
| 124|0x000000008a200000, 0x000000008a300000, 0x000000008a300000|100%| E|CS|TAMS 0x000000008a200000, 0x000000008a200000| Complete 
| 125|0x000000008a300000, 0x000000008a400000, 0x000000008a400000|100%| E|CS|TAMS 0x000000008a300000, 0x000000008a300000| Complete 

Card table byte_map: [0x000002a0b3720000,0x000002a0b3b10000] _byte_map_base: 0x000002a0b330d000

Marking Bits (Prev, Next): (CMBitMap*) 0x000002a09c130db0, (CMBitMap*) 0x000002a09c130df0
 Prev Bits: [0x000002a0b3f00000, 0x000002a0b5e68000)
 Next Bits: [0x000002a0b5e70000, 0x000002a0b7dd8000)

Polling page: 0x000002a09a0e0000

Metaspace:

Usage:
  Non-class:      4.09 MB capacity,     3.45 MB ( 84%) used,   656.66 KB ( 16%) free+waste,     5.00 KB ( <1%) overhead. 
      Class:    421.00 KB capacity,   362.89 KB ( 86%) used,    55.86 KB ( 13%) free+waste,     2.25 KB ( <1%) overhead. 
       Both:      4.50 MB capacity,     3.80 MB ( 84%) used,   712.52 KB ( 15%) free+waste,     7.25 KB ( <1%) overhead. 

Virtual space:
  Non-class space:        8.00 MB reserved,       4.25 MB ( 53%) committed 
      Class space:        1.00 GB reserved,     512.00 KB ( <1%) committed 
             Both:        1.01 GB reserved,       4.75 MB ( <1%) committed 

Chunk freelists:
   Non-Class:  0 bytes
       Class:  0 bytes
        Both:  0 bytes

MaxMetaspaceSize: 17179869184.00 GB
CompressedClassSpaceSize: 1.00 GB

CodeHeap 'non-profiled nmethods': size=120000Kb used=158Kb max_used=158Kb free=119842Kb
 bounds [0x000002a0abe00000, 0x000002a0ac070000, 0x000002a0b3330000]
CodeHeap 'profiled nmethods': size=120000Kb used=892Kb max_used=892Kb free=119107Kb
 bounds [0x000002a0a48d0000, 0x000002a0a4b40000, 0x000002a0abe00000]
CodeHeap 'non-nmethods': size=5760Kb used=1208Kb max_used=1220Kb free=4551Kb
 bounds [0x000002a0a4330000, 0x000002a0a45a0000, 0x000002a0a48d0000]
 total_blobs=1013 nmethods=535 adapters=391
 compilation: enabled
              stopped_count=0, restarted_count=0
 full_count=0

Compilation events (20 events):
Event: 0.302 Thread 0x000002a0ba2b4820  486       3       sun.awt.image.ImageWatched$WeakLink::newInfo (78 bytes)
Event: 0.303 Thread 0x000002a0baf71f40 nmethod 476% 0x000002a0abe24690 code [0x000002a0abe24820, 0x000002a0abe24b58]
Event: 0.303 Thread 0x000002a0ba2b4820 nmethod 486 0x000002a0a4997210 code [0x000002a0a49973e0, 0x000002a0a4997a18]
Event: 0.303 Thread 0x000002a0ba2b4820  487       3       java.lang.invoke.LambdaForm$MH/0x0000000800bb9040::linkToTargetMethod (19 bytes)
Event: 0.303 Thread 0x000002a0ba2b4820 nmethod 487 0x000002a0a4997c10 code [0x000002a0a4997dc0, 0x000002a0a4998258]
Event: 0.303 Thread 0x000002a0ba2b4820  488       3       java.lang.invoke.LambdaForm$DMH/0x0000000800bb8840::newInvokeSpecial (36 bytes)
Event: 0.303 Thread 0x000002a0ba2b4820 nmethod 488 0x000002a0a4998390 code [0x000002a0a4998580, 0x000002a0a4998dc8]
Event: 0.303 Thread 0x000002a0ba2b4820  489       3       sun.awt.image.ImageWatched$WeakLink$$Lambda$32/0x0000000800b94b38::<init> (44 bytes)
Event: 0.303 Thread 0x000002a0ba2b4820 nmethod 489 0x000002a0a4999010 code [0x000002a0a49991c0, 0x000002a0a49993f8]
Event: 0.305 Thread 0x000002a0ba2b4820  490       3       java.util.zip.Inflater::ensureOpen (47 bytes)
Event: 0.306 Thread 0x000002a0ba2b4820 nmethod 490 0x000002a0a4999510 code [0x000002a0a49996c0, 0x000002a0a4999908]
Event: 0.306 Thread 0x000002a0ba2b4820  491   !   3       java.util.zip.Inflater::inflate (418 bytes)
Event: 0.307 Thread 0x000002a0ba2b4820 nmethod 491 0x000002a0a4999a10 code [0x000002a0a4999ce0, 0x000002a0a499aec8]
Event: 0.307 Thread 0x000002a0ba2b4820  493   !   3       java.util.zip.Inflater::finished (19 bytes)
Event: 0.308 Thread 0x000002a0ba2b4820 nmethod 493 0x000002a0a499b890 code [0x000002a0a499ba20, 0x000002a0a499bbf8]
Event: 0.310 Thread 0x000002a0ba2b4820  495       3       sun.awt.image.ImageDecoder::setPixels (58 bytes)
Event: 0.310 Thread 0x000002a0ba2b4820 nmethod 495 0x000002a0a499bd10 code [0x000002a0a499bf00, 0x000002a0a499c648]
Event: 0.310 Thread 0x000002a0ba2b4820  497       3       sun.awt.image.ImageWatched$WeakLink$$Lambda$32/0x0000000800b94b38::run (32 bytes)
Event: 0.310 Thread 0x000002a0ba2b4820 nmethod 497 0x000002a0a499c910 code [0x000002a0a499cac0, 0x000002a0a499cc08]
Event: 0.310 Thread 0x000002a0ba2b4820  496       3       sun.awt.image.ImageWatched$WeakLink::update (39 bytes)

GC Heap History (0 events):
No events

Deoptimization events (20 events):
Event: 0.299 Thread 0x000002a0baf57250 DEOPT PACKING pc=0x000002a0a49830a4 sp=0x000000b0079fef00
Event: 0.299 Thread 0x000002a0baf57250 DEOPT UNPACKING pc=0x000002a0a437e23f sp=0x000000b0079fe530 mode 0
Event: 0.304 Thread 0x000002a0baf57250 DEOPT PACKING pc=0x000002a0a49830a4 sp=0x000000b0079fef00
Event: 0.304 Thread 0x000002a0baf57250 DEOPT UNPACKING pc=0x000002a0a437e23f sp=0x000000b0079fe530 mode 0
Event: 0.305 Thread 0x000002a0baf57250 DEOPT PACKING pc=0x000002a0a49830a4 sp=0x000000b0079fef00
Event: 0.305 Thread 0x000002a0baf57250 DEOPT UNPACKING pc=0x000002a0a437e23f sp=0x000000b0079fe530 mode 0
Event: 0.305 Thread 0x000002a0baf57250 DEOPT PACKING pc=0x000002a0a49830a4 sp=0x000000b0079fef00
Event: 0.305 Thread 0x000002a0baf57250 DEOPT UNPACKING pc=0x000002a0a437e23f sp=0x000000b0079fe530 mode 0
Event: 0.307 Thread 0x000002a0baf57250 DEOPT PACKING pc=0x000002a0a49830a4 sp=0x000000b0079fef00
Event: 0.307 Thread 0x000002a0baf57250 DEOPT UNPACKING pc=0x000002a0a437e23f sp=0x000000b0079fe530 mode 0
Event: 0.308 Thread 0x000002a0baf57250 DEOPT PACKING pc=0x000002a0a49830a4 sp=0x000000b0079fef00
Event: 0.308 Thread 0x000002a0baf57250 DEOPT UNPACKING pc=0x000002a0a437e23f sp=0x000000b0079fe530 mode 0
Event: 0.308 Thread 0x000002a0baf57250 DEOPT PACKING pc=0x000002a0a49830a4 sp=0x000000b0079fef00
Event: 0.308 Thread 0x000002a0baf57250 DEOPT UNPACKING pc=0x000002a0a437e23f sp=0x000000b0079fe530 mode 0
Event: 0.309 Thread 0x000002a0baf57250 DEOPT PACKING pc=0x000002a0a49830a4 sp=0x000000b0079fef00
Event: 0.309 Thread 0x000002a0baf57250 DEOPT UNPACKING pc=0x000002a0a437e23f sp=0x000000b0079fe530 mode 0
Event: 0.309 Thread 0x000002a0baf57250 DEOPT PACKING pc=0x000002a0a49830a4 sp=0x000000b0079fef00
Event: 0.309 Thread 0x000002a0baf57250 DEOPT UNPACKING pc=0x000002a0a437e23f sp=0x000000b0079fe530 mode 0
Event: 0.310 Thread 0x000002a0baf57250 DEOPT PACKING pc=0x000002a0a49830a4 sp=0x000000b0079fef00
Event: 0.310 Thread 0x000002a0baf57250 DEOPT UNPACKING pc=0x000002a0a437e23f sp=0x000000b0079fe530 mode 0

Classes unloaded (0 events):
No events

Classes redefined (0 events):
No events

Internal exceptions (7 events):
Event: 0.077 Thread 0x000002a09c0f07a0 Exception <a 'java/lang/NoSuchMethodError'{0x000000008a3f9a10}: 'void java.lang.invoke.DirectMethodHandle$Holder.invokeSpecial(java.lang.Object, java.lang.Object, java.lang.Object)'> (0x000000008a3f9a10) 
thrown [./open/src/hotspot/share/interpreter/linkResolver.cpp, line 782]
Event: 0.108 Thread 0x000002a09c0f07a0 Exception <a 'java/lang/ClassNotFoundException'{0x000000008a262d38}: sun/awt/resources/spi/awtProvider> (0x000000008a262d38) 
thrown [./open/src/hotspot/share/classfile/systemDictionary.cpp, line 295]
Event: 0.136 Thread 0x000002a09c0f07a0 Exception <a 'java/io/FileNotFoundException'{0x000000008a2bebe0}> (0x000000008a2bebe0) 
thrown [./open/src/hotspot/share/prims/jni.cpp, line 578]
Event: 0.145 Thread 0x000002a09c0f07a0 Exception <a 'java/io/FileNotFoundException'{0x000000008a2ed6a8}> (0x000000008a2ed6a8) 
thrown [./open/src/hotspot/share/prims/jni.cpp, line 578]
Event: 0.146 Thread 0x000002a09c0f07a0 Exception <a 'java/lang/NoSuchMethodError'{0x000000008a2ee8a0}: 'java.lang.Object java.lang.invoke.DirectMethodHandle$Holder.invokeStatic(java.lang.Object)'> (0x000000008a2ee8a0) 
thrown [./open/src/hotspot/share/interpreter/linkResolver.cpp, line 782]
Event: 0.186 Thread 0x000002a09c0f07a0 Exception <a 'java/lang/NoSuchMethodError'{0x000000008a12dab0}: 'java.lang.Object java.lang.invoke.DirectMethodHandle$Holder.invokeStaticInit(java.lang.Object)'> (0x000000008a12dab0) 
thrown [./open/src/hotspot/share/interpreter/linkResolver.cpp, line 782]
Event: 0.267 Thread 0x000002a0baf57250 Exception <a 'java/lang/NoSuchMethodError'{0x0000000089f00fb0}: 'java.lang.Object java.lang.invoke.DirectMethodHandle$Holder.newInvokeSpecial(java.lang.Object, java.lang.Object, java.lang.Object, int, int, int, int, int)'> (0x0000000089f00fb0) 
thrown [./open/src/hotspot/share/interpreter/linkResolver.cpp, line 782]

Events (20 events):
Event: 0.272 loading class sun/awt/image/IntegerInterleavedRaster
Event: 0.272 loading class sun/awt/image/IntegerComponentRaster
Event: 0.272 loading class sun/awt/image/IntegerComponentRaster done
Event: 0.272 loading class sun/awt/image/IntegerInterleavedRaster done
Event: 0.273 loading class java/awt/Rectangle
Event: 0.273 loading class java/awt/Shape
Event: 0.273 loading class java/awt/Shape done
Event: 0.273 loading class java/awt/geom/Rectangle2D
Event: 0.273 loading class java/awt/geom/RectangularShape
Event: 0.273 loading class java/awt/geom/RectangularShape done
Event: 0.274 loading class java/awt/geom/Rectangle2D done
Event: 0.274 loading class java/awt/Rectangle done
Event: 0.274 loading class java/awt/image/BufferedImage
Event: 0.274 loading class java/awt/image/WritableRenderedImage
Event: 0.274 loading class java/awt/image/RenderedImage
Event: 0.274 loading class java/awt/image/RenderedImage done
Event: 0.274 loading class java/awt/image/WritableRenderedImage done
Event: 0.274 loading class java/awt/image/BufferedImage done
Event: 0.274 loading class java/awt/image/BufferedImage$1
Event: 0.274 loading class java/awt/image/BufferedImage$1 done


Dynamic libraries:
0x00007ff735620000 - 0x00007ff73562f000 	C:\Program Files\Java\jdk-15.0.1\bin\javaw.exe
0x00007ffddf510000 - 0x00007ffddf705000 	C:\WINDOWS\SYSTEM32\ntdll.dll
0x00007ffddf2e0000 - 0x00007ffddf39d000 	C:\WINDOWS\System32\KERNEL32.DLL
0x00007ffddd0f0000 - 0x00007ffddd3b9000 	C:\WINDOWS\System32\KERNELBASE.dll
0x00007ffddd470000 - 0x00007ffddd570000 	C:\WINDOWS\System32\ucrtbase.dll
0x00007ffdce560000 - 0x00007ffdce578000 	C:\Program Files\Java\jdk-15.0.1\bin\jli.dll
0x00007ffdd6d20000 - 0x00007ffdd6d39000 	C:\Program Files\Java\jdk-15.0.1\bin\VCRUNTIME140.dll
0x00007ffdde820000 - 0x00007ffdde8cc000 	C:\WINDOWS\System32\ADVAPI32.dll
0x00007ffdde210000 - 0x00007ffdde2ae000 	C:\WINDOWS\System32\msvcrt.dll
0x00007ffddedf0000 - 0x00007ffddee8c000 	C:\WINDOWS\System32\sechost.dll
0x00007ffddd720000 - 0x00007ffddd84b000 	C:\WINDOWS\System32\RPCRT4.dll
0x00007ffddef30000 - 0x00007ffddf0d0000 	C:\WINDOWS\System32\USER32.dll
0x00007ffddcd00000 - 0x00007ffddcd22000 	C:\WINDOWS\System32\win32u.dll
0x00007ffdde950000 - 0x00007ffdde97a000 	C:\WINDOWS\System32\GDI32.dll
0x00007ffddcf40000 - 0x00007ffddd04b000 	C:\WINDOWS\System32\gdi32full.dll
0x00007ffddd050000 - 0x00007ffddd0ed000 	C:\WINDOWS\System32\msvcp_win.dll
0x00007ffdd6490000 - 0x00007ffdd649a000 	C:\WINDOWS\SYSTEM32\VERSION.dll
0x00007ffdca6d0000 - 0x00007ffdca96a000 	C:\WINDOWS\WinSxS\amd64_microsoft.windows.common-controls_6595b64144ccf1df_6.0.19041.844_none_ca00b6081b84eb1d\COMCTL32.dll
0x00007ffddeea0000 - 0x00007ffddeed0000 	C:\WINDOWS\System32\IMM32.DLL
0x00007ffdd6c80000 - 0x00007ffdd6c8c000 	C:\Program Files\Java\jdk-15.0.1\bin\vcruntime140_1.dll
0x00007ffdada90000 - 0x00007ffdadb21000 	C:\Program Files\Java\jdk-15.0.1\bin\msvcp140.dll
0x00007ffd61090000 - 0x00007ffd61bee000 	C:\Program Files\Java\jdk-15.0.1\bin\server\jvm.dll
0x00007ffddee90000 - 0x00007ffddee98000 	C:\WINDOWS\System32\PSAPI.DLL
0x00007ffdcbc70000 - 0x00007ffdcbc97000 	C:\WINDOWS\SYSTEM32\WINMM.dll
0x00007ffdc5990000 - 0x00007ffdc5999000 	C:\WINDOWS\SYSTEM32\WSOCK32.dll
0x00007ffdde8e0000 - 0x00007ffdde94b000 	C:\WINDOWS\System32\WS2_32.dll
0x00007ffddabd0000 - 0x00007ffddabe2000 	C:\WINDOWS\SYSTEM32\kernel.appcore.dll
0x00007ffdd5fe0000 - 0x00007ffdd5fea000 	C:\Program Files\Java\jdk-15.0.1\bin\jimage.dll
0x00007ffdc7f00000 - 0x00007ffdc80e4000 	C:\WINDOWS\SYSTEM32\DBGHELP.DLL
0x00007ffdc7ed0000 - 0x00007ffdc7efc000 	C:\WINDOWS\SYSTEM32\dbgcore.DLL
0x00007ffddd3f0000 - 0x00007ffddd470000 	C:\WINDOWS\System32\bcryptPrimitives.dll
0x00007ffdce530000 - 0x00007ffdce555000 	C:\Program Files\Java\jdk-15.0.1\bin\java.dll
0x00007ffddd850000 - 0x00007ffdddf92000 	C:\WINDOWS\System32\SHELL32.dll
0x00007ffddadd0000 - 0x00007ffddb560000 	C:\WINDOWS\SYSTEM32\windows.storage.dll
0x00007ffdde2b0000 - 0x00007ffdde605000 	C:\WINDOWS\System32\combase.dll
0x00007ffddc6c0000 - 0x00007ffddc6ec000 	C:\WINDOWS\SYSTEM32\Wldp.dll
0x00007ffdde150000 - 0x00007ffdde1fe000 	C:\WINDOWS\System32\SHCORE.dll
0x00007ffdde610000 - 0x00007ffdde665000 	C:\WINDOWS\System32\shlwapi.dll
0x00007ffddcb90000 - 0x00007ffddcbaf000 	C:\WINDOWS\SYSTEM32\profapi.dll
0x00007ffdce3d0000 - 0x00007ffdce3e9000 	C:\Program Files\Java\jdk-15.0.1\bin\net.dll
0x00007ffdcd0b0000 - 0x00007ffdcd1bc000 	C:\WINDOWS\SYSTEM32\WINHTTP.dll
0x00007ffddc440000 - 0x00007ffddc4aa000 	C:\WINDOWS\system32\mswsock.dll
0x00007ffdce3b0000 - 0x00007ffdce3c2000 	C:\Program Files\Java\jdk-15.0.1\bin\nio.dll
0x00007ffdce390000 - 0x00007ffdce3a8000 	C:\Program Files\Java\jdk-15.0.1\bin\zip.dll
0x00007ffdab510000 - 0x00007ffdab690000 	C:\Program Files\Java\jdk-15.0.1\bin\awt.dll
0x00007ffdddfa0000 - 0x00007ffdde06d000 	C:\WINDOWS\System32\OLEAUT32.dll
0x00007ffdda540000 - 0x00007ffdda5d0000 	C:\WINDOWS\SYSTEM32\apphelp.dll
0x00007ffdda670000 - 0x00007ffdda70e000 	C:\WINDOWS\system32\uxtheme.dll
0x00007ffddd570000 - 0x00007ffddd685000 	C:\WINDOWS\System32\MSCTF.dll
0x00007ffddf1b0000 - 0x00007ffddf2da000 	C:\WINDOWS\System32\ole32.dll
0x00007ffdc4f80000 - 0x00007ffdc4fad000 	C:\Program Files\Java\jdk-15.0.1\bin\javajpeg.dll
0x00007ffdda8e0000 - 0x00007ffdda90f000 	C:\WINDOWS\system32\DWMAPI.DLL
0x00007ffdbb460000 - 0x00007ffdbb586000 	C:\WINDOWS\system32\opengl32.dll
0x00007ffdcaa10000 - 0x00007ffdcaa3c000 	C:\WINDOWS\SYSTEM32\GLU32.dll

dbghelp: loaded successfully - version: 4.0.5 - missing functions: none
symbol engine: initialized successfully - sym options: 0x614 - pdb path: .;C:\Program Files\Java\jdk-15.0.1\bin;C:\WINDOWS\SYSTEM32;C:\WINDOWS\WinSxS\amd64_microsoft.windows.common-controls_6595b64144ccf1df_6.0.19041.844_none_ca00b6081b84eb1d;C:\Program Files\Java\jdk-15.0.1\bin\server

VM Arguments:
jvm_args: -Dfile.encoding=Cp1252 -XX:+ShowCodeDetailsInExceptionMessages 
java_command: application.Cart
java_class_path (initial): D:\Laptop\DATA (D)\DBS project\dbs_v1\application\bin;D:\Laptop\DATA (D)\DBS project\dbs_v1\application\mysql-connector-java-8.0.23.jar;D:\Laptop\DATA (D)\DBS project\dbs_v1\application\itextpdf-5.5.9.jar
Launcher Type: SUN_STANDARD

[Global flags]
     intx CICompilerCount                          = 3                                         {product} {ergonomic}
     uint ConcGCThreads                            = 1                                         {product} {ergonomic}
     uint G1ConcRefinementThreads                  = 4                                         {product} {ergonomic}
   size_t G1HeapRegionSize                         = 1048576                                   {product} {ergonomic}
    uintx GCDrainStackTargetSize                   = 64                                        {product} {ergonomic}
   size_t InitialHeapSize                          = 132120576                                 {product} {ergonomic}
   size_t MarkStackSize                            = 4194304                                   {product} {ergonomic}
   size_t MaxHeapSize                              = 2107637760                                {product} {ergonomic}
   size_t MaxNewSize                               = 1264582656                                {product} {ergonomic}
   size_t MinHeapDeltaBytes                        = 1048576                                   {product} {ergonomic}
   size_t MinHeapSize                              = 8388608                                   {product} {ergonomic}
    uintx NonNMethodCodeHeapSize                   = 5832780                                {pd product} {ergonomic}
    uintx NonProfiledCodeHeapSize                  = 122912730                              {pd product} {ergonomic}
    uintx ProfiledCodeHeapSize                     = 122912730                              {pd product} {ergonomic}
    uintx ReservedCodeCacheSize                    = 251658240                              {pd product} {ergonomic}
     bool SegmentedCodeCache                       = true                                      {product} {ergonomic}
     bool ShowCodeDetailsInExceptionMessages       = true                                   {manageable} {command line}
   size_t SoftMaxHeapSize                          = 2107637760                             {manageable} {ergonomic}
     bool UseCompressedClassPointers               = true                                 {lp64_product} {ergonomic}
     bool UseCompressedOops                        = true                                 {lp64_product} {ergonomic}
     bool UseG1GC                                  = true                                      {product} {ergonomic}
     bool UseLargePagesIndividualAllocation        = false                                  {pd product} {ergonomic}

Logging:
Log output configuration:
 #0: stdout all=warning uptime,level,tags
 #1: stderr all=off uptime,level,tags

Environment Variables:
JAVA_HOME=C:\Program Files\Java\jdk-15.0.1
PATH=C:\oraclexe\app\oracle\product\11.2.0\server\bin;C:\Program Files\Common Files\Oracle\Java\javapath;C:\Program Files (x86)\Intel\Intel(R) Management Engine Components\iCLS\;C:\Program Files\Intel\Intel(R) Management Engine Components\iCLS\;C:\WINDOWS\system32;C:\WINDOWS;C:\WINDOWS\System32\Wbem;C:\WINDOWS\System32\WindowsPowerShell\v1.0\;C:\Program Files (x86)\Intel\Intel(R) Management Engine Components\DAL;C:\Program Files\Intel\Intel(R) Management Engine Components\DAL;C:\Program Files (x86)\Intel\Intel(R) Management Engine Components\IPT;C:\Program Files\Intel\Intel(R) Management Engine Components\IPT;C:\WINDOWS\System32\OpenSSH\;C:\Program Files\Java\jdk-15.0.1\bin;C:\Program Files\Git\cmd;C:\Users\Avinash\Desktop\OOP Lab\OOP Lab\src\mysql-connector-java-8.0.22;C:\Android;C:\Windows\System32;C:\Program Files (x86)\mingw-w64\i686-8.1.0-posix-dwarf-rt_v6-rev0\mingw32\bin;C:\Program Files\MySQL\MySQL Shell 8.0\bin\;C:\Users\Avinash\AppData\Local\Microsoft\WindowsApps;D:\Laptop\DATA (D)\Microsoft VS Code\bin;C:\Program Files (x86)\mingw-w64\i686-8.1.0-posix-dwarf-rt_v6-rev0\mingw32\bin;
USERNAME=Avinash
OS=Windows_NT
PROCESSOR_IDENTIFIER=Intel64 Family 6 Model 158 Stepping 9, GenuineIntel



---------------  S Y S T E M  ---------------

OS:
 Windows 10 , 64 bit Build 19041 (10.0.19041.804)
OS uptime: 1 days 10:30 hours

CPU: total 4 (initial active 4) (4 cores per cpu, 1 threads per core) family 6 model 158 stepping 9 microcode 0xde, cmov, cx8, fxsr, mmx, sse, sse2, sse3, ssse3, sse4.1, sse4.2, popcnt, vzeroupper, avx, avx2, aes, clmul, erms, 3dnowpref, lzcnt, tsc, tscinvbit, bmi1, bmi2, adx, fma, clflush, clflushopt

Memory: 4k page, system-wide physical 8033M (502M free)
TotalPageFile size 23139M (AvailPageFile size 3M)
current process WorkingSet (physical memory assigned to process): 53M, peak: 53M
current process commit charge ("private bytes"): 208M, peak: 208M

vm_info: Java HotSpot(TM) 64-Bit Server VM (15.0.1+9-18) for windows-amd64 JRE (15.0.1+9-18), built on Sep 15 2020 14:43:54 by "mach5one" with unknown MS VC++:1925

END.
