#
# There is insufficient memory for the Java Runtime Environment to continue.
# Native memory allocation (mmap) failed to map 132120576 bytes for G1 virtual space
# Possible reasons:
#   The system is out of physical RAM or swap space
#   The process is running with CompressedOops enabled, and the Java Heap may be blocking the growth of the native heap
# Possible solutions:
#   Reduce memory load on the system
#   Increase physical memory or swap space
#   Check if swap backing store is full
#   Decrease Java heap size (-Xmx/-Xms)
#   Decrease number of Java threads
#   Decrease Java thread stack sizes (-Xss)
#   Set larger code cache with -XX:ReservedCodeCacheSize=
#   JVM is running with Unscaled Compressed Oops mode in which the Java heap is
#     placed in the first 4GB address space. The Java Heap base address is the
#     maximum limit for the native heap growth. Please use -XX:HeapBaseMinAddress
#     to set the Java Heap base and to place the Java Heap above 4GB virtual address.
# This output file may be truncated or incomplete.
#
#  Out of Memory Error (./open/src/hotspot/os/windows/os_windows.cpp:3472), pid=2548, tid=23080
#
# JRE version:  (15.0.1+9) (build )
# Java VM: Java HotSpot(TM) 64-Bit Server VM (15.0.1+9-18, mixed mode, sharing, tiered, compressed oops, g1 gc, windows-amd64)
# No core dump will be written. Minidumps are not enabled by default on client versions of Windows
#

---------------  S U M M A R Y ------------

Command Line: -Dfile.encoding=UTF-8 -XX:+ShowCodeDetailsInExceptionMessages application.Stock

Host: Intel(R) Core(TM) i5-7400T CPU @ 2.40GHz, 4 cores, 7G,  Windows 10 , 64 bit Build 19041 (10.0.19041.804)
Time: Fri Apr  2 17:03:41 2021 India Standard Time elapsed time: 0.031796 seconds (0d 0h 0m 0s)

---------------  T H R E A D  ---------------

Current thread (0x0000020641f4dd10):  JavaThread "Unknown thread" [_thread_in_vm, id=23080, stack(0x000000072a300000,0x000000072a400000)]

Stack: [0x000000072a300000,0x000000072a400000]
Native frames: (J=compiled Java code, j=interpreted, Vv=VM code, C=native code)
V  [jvm.dll+0x62ae9a]
V  [jvm.dll+0x781389]
V  [jvm.dll+0x782ae3]
V  [jvm.dll+0x783143]
V  [jvm.dll+0x216265]
V  [jvm.dll+0x6281d9]
V  [jvm.dll+0x61cd15]
V  [jvm.dll+0x2d01fd]
V  [jvm.dll+0x2d0062]
V  [jvm.dll+0x2d603c]
V  [jvm.dll+0x325b2a]
V  [jvm.dll+0x3251f4]
V  [jvm.dll+0x2a717a]
V  [jvm.dll+0x2a8318]
V  [jvm.dll+0x75e101]
V  [jvm.dll+0x3343e4]
V  [jvm.dll+0x73e826]
V  [jvm.dll+0x3b7777]
V  [jvm.dll+0x3b9201]
C  [jli.dll+0x52fb]
C  [ucrtbase.dll+0x21bb2]
C  [KERNEL32.DLL+0x17034]
C  [ntdll.dll+0x52651]


---------------  P R O C E S S  ---------------

Threads class SMR info:
_java_thread_list=0x00007ffa0d284ff0, length=0, elements={
}

Java Threads: ( => current thread )

Other Threads:
  0x0000020641f8e0f0 GCTaskThread "GC Thread#0" [stack: 0x000000072a400000,0x000000072a500000] [id=27280]
  0x0000020641f9f6a0 ConcurrentGCThread "G1 Main Marker" [stack: 0x000000072a500000,0x000000072a600000] [id=23992]
  0x0000020641fa1a40 ConcurrentGCThread "G1 Conc#0" [stack: 0x000000072a600000,0x000000072a700000] [id=28480]

[error occurred during error reporting (printing all threads), id 0xc0000005, EXCEPTION_ACCESS_VIOLATION (0xc0000005) at pc=0x00007ffa0ca78047]

VM state: not at safepoint (not fully initialized)

VM Mutex/Monitor currently owned by a thread:  ([mutex/lock_event])
[0x0000020641f4b960] Heap_lock - owner thread: 0x0000020641f4dd10

Heap address: 0x0000000082600000, size: 2010 MB, Compressed Oops mode: 32-bit
CDS archive(s) mapped at: [0x0000000000000000-0x0000000000000000-0x0000000000000000), size 0, SharedBaseAddress: 0x0000000800000000, ArchiveRelocationMode: 0.
Narrow klass base: 0x0000000000000000, Narrow klass shift: 0, Narrow klass range: 0x0

Heap:
 garbage-first heap   total 129024K, used 0K [0x0000000082600000, 0x0000000100000000)
  region size 1024K, 0 young (0K), 0 survivors (0K)
 Metaspace       used 0K, capacity 0K, committed 0K, reserved 0K
  class space    used 0K, capacity 0K, committed 0K, reserved 0K

Heap Regions: E=young(eden), S=young(survivor), O=old, HS=humongous(starts), HC=humongous(continues), CS=collection set, F=free, OA=open archive, CA=closed archive, TAMS=top-at-mark-start (previous, next)

Card table byte_map: [0x0000020659580000,0x0000020659970000] _byte_map_base: 0x000002065916d000

Marking Bits (Prev, Next): (CMBitMap*) 0x0000020641f8e960, (CMBitMap*) 0x0000020641f8e9a0
 Prev Bits: [0x0000020659d60000, 0x000002065bcc8000)
 Next Bits: [0x000002065bcd0000, 0x000002065dc38000)

GC Heap History (0 events):
No events

Deoptimization events (0 events):
No events

Classes unloaded (0 events):
No events

Classes redefined (0 events):
No events

Internal exceptions (0 events):
No events

Events (1 events):
Event: 0.027 Loaded shared library C:\Program Files\Java\jdk-15.0.1\bin\java.dll


Dynamic libraries:
0x00007ff7f1ea0000 - 0x00007ff7f1eaf000 	C:\Program Files\Java\jdk-15.0.1\bin\javaw.exe
0x00007ffa537b0000 - 0x00007ffa539a5000 	C:\WINDOWS\SYSTEM32\ntdll.dll
0x00007ffa524f0000 - 0x00007ffa525ad000 	C:\WINDOWS\System32\KERNEL32.DLL
0x00007ffa51040000 - 0x00007ffa51309000 	C:\WINDOWS\System32\KERNELBASE.dll
0x00007ffa50ef0000 - 0x00007ffa50ff0000 	C:\WINDOWS\System32\ucrtbase.dll
0x00007ffa2f510000 - 0x00007ffa2f529000 	C:\Program Files\Java\jdk-15.0.1\bin\VCRUNTIME140.dll
0x00007ffa2f5d0000 - 0x00007ffa2f5e8000 	C:\Program Files\Java\jdk-15.0.1\bin\jli.dll
0x00007ffa525b0000 - 0x00007ffa5265c000 	C:\WINDOWS\System32\ADVAPI32.dll
0x00007ffa52660000 - 0x00007ffa526fe000 	C:\WINDOWS\System32\msvcrt.dll
0x00007ffa536d0000 - 0x00007ffa5376c000 	C:\WINDOWS\System32\sechost.dll
0x00007ffa51de0000 - 0x00007ffa51f0b000 	C:\WINDOWS\System32\RPCRT4.dll
0x00007ffa53050000 - 0x00007ffa531f0000 	C:\WINDOWS\System32\USER32.dll
0x00007ffa3d300000 - 0x00007ffa3d59a000 	C:\WINDOWS\WinSxS\amd64_microsoft.windows.common-controls_6595b64144ccf1df_6.0.19041.844_none_ca00b6081b84eb1d\COMCTL32.dll
0x00007ffa51730000 - 0x00007ffa51752000 	C:\WINDOWS\System32\win32u.dll
0x00007ffa51810000 - 0x00007ffa5183a000 	C:\WINDOWS\System32\GDI32.dll
0x00007ffa51580000 - 0x00007ffa5168b000 	C:\WINDOWS\System32\gdi32full.dll
0x00007ffa51690000 - 0x00007ffa5172d000 	C:\WINDOWS\System32\msvcp_win.dll
0x00007ffa49070000 - 0x00007ffa4907a000 	C:\WINDOWS\SYSTEM32\VERSION.dll
0x00007ffa53020000 - 0x00007ffa53050000 	C:\WINDOWS\System32\IMM32.DLL
0x00007ffa42be0000 - 0x00007ffa42bec000 	C:\Program Files\Java\jdk-15.0.1\bin\vcruntime140_1.dll
0x00007ffa21ab0000 - 0x00007ffa21b41000 	C:\Program Files\Java\jdk-15.0.1\bin\msvcp140.dll
0x00007ffa0c7c0000 - 0x00007ffa0d31e000 	C:\Program Files\Java\jdk-15.0.1\bin\server\jvm.dll
0x00007ffa51f90000 - 0x00007ffa51f98000 	C:\WINDOWS\System32\PSAPI.DLL
0x00007ffa3f9b0000 - 0x00007ffa3f9d7000 	C:\WINDOWS\SYSTEM32\WINMM.dll
0x00007ffa30990000 - 0x00007ffa30999000 	C:\WINDOWS\SYSTEM32\WSOCK32.dll
0x00007ffa52470000 - 0x00007ffa524db000 	C:\WINDOWS\System32\WS2_32.dll
0x00007ffa4ee70000 - 0x00007ffa4ee82000 	C:\WINDOWS\SYSTEM32\kernel.appcore.dll
0x00007ffa42200000 - 0x00007ffa4220a000 	C:\Program Files\Java\jdk-15.0.1\bin\jimage.dll
0x00007ffa3b1d0000 - 0x00007ffa3b3b4000 	C:\WINDOWS\SYSTEM32\DBGHELP.DLL
0x00007ffa3c650000 - 0x00007ffa3c67c000 	C:\WINDOWS\SYSTEM32\dbgcore.DLL
0x00007ffa514a0000 - 0x00007ffa51520000 	C:\WINDOWS\System32\bcryptPrimitives.dll
0x00007ffa27a80000 - 0x00007ffa27aa5000 	C:\Program Files\Java\jdk-15.0.1\bin\java.dll

dbghelp: loaded successfully - version: 4.0.5 - missing functions: none
symbol engine: initialized successfully - sym options: 0x614 - pdb path: .;C:\Program Files\Java\jdk-15.0.1\bin;C:\WINDOWS\SYSTEM32;C:\WINDOWS\WinSxS\amd64_microsoft.windows.common-controls_6595b64144ccf1df_6.0.19041.844_none_ca00b6081b84eb1d;C:\Program Files\Java\jdk-15.0.1\bin\server

VM Arguments:
jvm_args: -Dfile.encoding=UTF-8 -XX:+ShowCodeDetailsInExceptionMessages 
java_command: application.Stock
java_class_path (initial): D:\Laptop\DATA (D)\DBS project\dbs_v1\application\bin;D:\Laptop\DATA (D)\DBS project\dbs_v1\application\mysql-connector-java-8.0.23.jar
Launcher Type: SUN_STANDARD

[Global flags]
     intx CICompilerCount                          = 3                                         {product} {ergonomic}
     uint ConcGCThreads                            = 1                                         {product} {ergonomic}
     uint G1ConcRefinementThreads                  = 4                                         {product} {ergonomic}
   size_t G1HeapRegionSize                         = 1048576                                   {product} {ergonomic}
    uintx GCDrainStackTargetSize                   = 64                                        {product} {ergonomic}
   size_t InitialHeapSize                          = 132120576                                 {product} {ergonomic}
   size_t MarkStackSize                            = 4194304                                   {product} {ergonomic}
   size_t MaxHeapSize                              = 2107637760                                {product} {ergonomic}
   size_t MinHeapDeltaBytes                        = 1048576                                   {product} {ergonomic}
   size_t MinHeapSize                              = 8388608                                   {product} {ergonomic}
    uintx NonNMethodCodeHeapSize                   = 5832780                                {pd product} {ergonomic}
    uintx NonProfiledCodeHeapSize                  = 122912730                              {pd product} {ergonomic}
    uintx ProfiledCodeHeapSize                     = 122912730                              {pd product} {ergonomic}
    uintx ReservedCodeCacheSize                    = 251658240                              {pd product} {ergonomic}
     bool SegmentedCodeCache                       = true                                      {product} {ergonomic}
     bool ShowCodeDetailsInExceptionMessages       = true                                   {manageable} {command line}
   size_t SoftMaxHeapSize                          = 2107637760                             {manageable} {ergonomic}
     bool UseCompressedClassPointers               = true                                 {lp64_product} {ergonomic}
     bool UseCompressedOops                        = true                                 {lp64_product} {ergonomic}
     bool UseG1GC                                  = true                                      {product} {ergonomic}
     bool UseLargePagesIndividualAllocation        = false                                  {pd product} {ergonomic}

Logging:
Log output configuration:
 #0: stdout all=warning uptime,level,tags
 #1: stderr all=off uptime,level,tags

Environment Variables:
JAVA_HOME=C:\Program Files\Java\jdk-15.0.1
PATH=C:\oraclexe\app\oracle\product\11.2.0\server\bin;C:\Program Files\Common Files\Oracle\Java\javapath;C:\Program Files (x86)\Intel\Intel(R) Management Engine Components\iCLS\;C:\Program Files\Intel\Intel(R) Management Engine Components\iCLS\;C:\WINDOWS\system32;C:\WINDOWS;C:\WINDOWS\System32\Wbem;C:\WINDOWS\System32\WindowsPowerShell\v1.0\;C:\Program Files (x86)\Intel\Intel(R) Management Engine Components\DAL;C:\Program Files\Intel\Intel(R) Management Engine Components\DAL;C:\Program Files (x86)\Intel\Intel(R) Management Engine Components\IPT;C:\Program Files\Intel\Intel(R) Management Engine Components\IPT;C:\WINDOWS\System32\OpenSSH\;C:\Program Files\Java\jdk-15.0.1\bin;C:\Program Files\Git\cmd;C:\Users\Avinash\Desktop\OOP Lab\OOP Lab\src\mysql-connector-java-8.0.22;C:\Android;C:\Windows\System32;C:\Program Files (x86)\mingw-w64\i686-8.1.0-posix-dwarf-rt_v6-rev0\mingw32\bin;C:\Program Files\MySQL\MySQL Shell 8.0\bin\;C:\Users\Avinash\AppData\Local\Microsoft\WindowsApps;D:\Laptop\DATA (D)\Microsoft VS Code\bin;C:\Program Files (x86)\mingw-w64\i686-8.1.0-posix-dwarf-rt_v6-rev0\mingw32\bin;
USERNAME=Avinash
OS=Windows_NT
PROCESSOR_IDENTIFIER=Intel64 Family 6 Model 158 Stepping 9, GenuineIntel



---------------  S Y S T E M  ---------------

OS:
 Windows 10 , 64 bit Build 19041 (10.0.19041.804)
OS uptime: 2 days 18:16 hours

CPU: total 4 (initial active 4) (4 cores per cpu, 1 threads per core) family 6 model 158 stepping 9 microcode 0xde, cmov, cx8, fxsr, mmx, sse, sse2, sse3, ssse3, sse4.1, sse4.2, popcnt, vzeroupper, avx, avx2, aes, clmul, erms, 3dnowpref, lzcnt, tsc, tscinvbit, bmi1, bmi2, adx, fma, clflush, clflushopt

Memory: 4k page, system-wide physical 8033M (1697M free)
TotalPageFile size 23139M (AvailPageFile size 71M)
current process WorkingSet (physical memory assigned to process): 10M, peak: 10M
current process commit charge ("private bytes"): 51M, peak: 177M

vm_info: Java HotSpot(TM) 64-Bit Server VM (15.0.1+9-18) for windows-amd64 JRE (15.0.1+9-18), built on Sep 15 2020 14:43:54 by "mach5one" with unknown MS VC++:1925

END.
